{"/Users/rafaelfecha/app-list-mini-challenge/src/index.tsx": {"path":"/Users/rafaelfecha/app-list-mini-challenge/src/index.tsx","statementMap":{"0":{"start":{"line":7,"column":0},"end":{"line":12,"column":2}},"1":{"start":{"line":17,"column":0},"end":{"line":17,"column":27}}},"fnMap":{},"branchMap":{},"s":{"0":0,"1":0},"f":{},"b":{},"hash":"8798dbc9b5cbb2834216445d6ca5830c42507dac"}
,"/Users/rafaelfecha/app-list-mini-challenge/src/components/App/App.tsx": {"path":"/Users/rafaelfecha/app-list-mini-challenge/src/components/App/App.tsx","statementMap":{"0":{"start":{"line":21,"column":12},"end":{"line":158,"column":1}},"1":{"start":{"line":22,"column":34},"end":{"line":22,"column":54}},"2":{"start":{"line":23,"column":44},"end":{"line":23,"column":64}},"3":{"start":{"line":24,"column":38},"end":{"line":24,"column":49}},"4":{"start":{"line":25,"column":50},"end":{"line":25,"column":62}},"5":{"start":{"line":26,"column":38},"end":{"line":26,"column":60}},"6":{"start":{"line":27,"column":38},"end":{"line":27,"column":49}},"7":{"start":{"line":36,"column":23},"end":{"line":47,"column":3}},"8":{"start":{"line":37,"column":4},"end":{"line":46,"column":5}},"9":{"start":{"line":38,"column":23},"end":{"line":38,"column":59}},"10":{"start":{"line":39,"column":6},"end":{"line":39,"column":24}},"11":{"start":{"line":40,"column":25},"end":{"line":40,"column":61}},"12":{"start":{"line":41,"column":6},"end":{"line":41,"column":35}},"13":{"start":{"line":42,"column":6},"end":{"line":42,"column":48}},"14":{"start":{"line":43,"column":6},"end":{"line":43,"column":40}},"15":{"start":{"line":45,"column":6},"end":{"line":45,"column":64}},"16":{"start":{"line":57,"column":30},"end":{"line":69,"column":3}},"17":{"start":{"line":58,"column":4},"end":{"line":68,"column":5}},"18":{"start":{"line":59,"column":37},"end":{"line":61,"column":7}},"19":{"start":{"line":62,"column":6},"end":{"line":62,"column":36}},"20":{"start":{"line":63,"column":6},"end":{"line":63,"column":23}},"21":{"start":{"line":64,"column":6},"end":{"line":64,"column":47}},"22":{"start":{"line":65,"column":6},"end":{"line":65,"column":60}},"23":{"start":{"line":67,"column":6},"end":{"line":67,"column":77}},"24":{"start":{"line":79,"column":32},"end":{"line":87,"column":3}},"25":{"start":{"line":80,"column":4},"end":{"line":86,"column":5}},"26":{"start":{"line":81,"column":6},"end":{"line":83,"column":7}},"27":{"start":{"line":82,"column":8},"end":{"line":82,"column":34}},"28":{"start":{"line":85,"column":6},"end":{"line":85,"column":71}},"29":{"start":{"line":97,"column":28},"end":{"line":116,"column":3}},"30":{"start":{"line":98,"column":4},"end":{"line":115,"column":5}},"31":{"start":{"line":99,"column":36},"end":{"line":106,"column":18}},"32":{"start":{"line":103,"column":16},"end":{"line":103,"column":88}},"33":{"start":{"line":107,"column":6},"end":{"line":107,"column":30}},"34":{"start":{"line":108,"column":6},"end":{"line":108,"column":23}},"35":{"start":{"line":109,"column":6},"end":{"line":109,"column":46}},"36":{"start":{"line":110,"column":6},"end":{"line":110,"column":59}},"37":{"start":{"line":112,"column":6},"end":{"line":114,"column":8}},"38":{"start":{"line":118,"column":2},"end":{"line":120,"column":9}},"39":{"start":{"line":119,"column":4},"end":{"line":119,"column":19}},"40":{"start":{"line":122,"column":2},"end":{"line":157,"column":4}},"41":{"start":{"line":140,"column":12},"end":{"line":147,"column":14}}},"fnMap":{"0":{"name":"(anonymous_0)","decl":{"start":{"line":21,"column":12},"end":{"line":21,"column":13}},"loc":{"start":{"line":21,"column":18},"end":{"line":158,"column":1}},"line":21},"1":{"name":"(anonymous_1)","decl":{"start":{"line":36,"column":23},"end":{"line":36,"column":24}},"loc":{"start":{"line":36,"column":35},"end":{"line":47,"column":3}},"line":36},"2":{"name":"(anonymous_2)","decl":{"start":{"line":57,"column":30},"end":{"line":57,"column":31}},"loc":{"start":{"line":57,"column":52},"end":{"line":69,"column":3}},"line":57},"3":{"name":"(anonymous_3)","decl":{"start":{"line":79,"column":32},"end":{"line":79,"column":33}},"loc":{"start":{"line":79,"column":56},"end":{"line":87,"column":3}},"line":79},"4":{"name":"(anonymous_4)","decl":{"start":{"line":97,"column":28},"end":{"line":97,"column":29}},"loc":{"start":{"line":97,"column":70},"end":{"line":116,"column":3}},"line":97},"5":{"name":"(anonymous_5)","decl":{"start":{"line":102,"column":14},"end":{"line":102,"column":15}},"loc":{"start":{"line":103,"column":16},"end":{"line":103,"column":88}},"line":103},"6":{"name":"(anonymous_6)","decl":{"start":{"line":118,"column":12},"end":{"line":118,"column":13}},"loc":{"start":{"line":118,"column":18},"end":{"line":120,"column":3}},"line":118},"7":{"name":"(anonymous_7)","decl":{"start":{"line":139,"column":63},"end":{"line":139,"column":64}},"loc":{"start":{"line":140,"column":12},"end":{"line":147,"column":14}},"line":140}},"branchMap":{"0":{"loc":{"start":{"line":81,"column":6},"end":{"line":83,"column":7}},"type":"if","locations":[{"start":{"line":81,"column":6},"end":{"line":83,"column":7}},{"start":{"line":81,"column":6},"end":{"line":83,"column":7}}],"line":81},"1":{"loc":{"start":{"line":81,"column":10},"end":{"line":81,"column":52}},"type":"binary-expr","locations":[{"start":{"line":81,"column":10},"end":{"line":81,"column":24}},{"start":{"line":81,"column":28},"end":{"line":81,"column":52}}],"line":81},"2":{"loc":{"start":{"line":99,"column":36},"end":{"line":106,"column":18}},"type":"cond-expr","locations":[{"start":{"line":100,"column":10},"end":{"line":105,"column":43}},{"start":{"line":106,"column":10},"end":{"line":106,"column":18}}],"line":99}},"s":{"0":0,"1":0,"2":0,"3":0,"4":0,"5":0,"6":0,"7":0,"8":0,"9":0,"10":0,"11":0,"12":0,"13":0,"14":0,"15":0,"16":0,"17":0,"18":0,"19":0,"20":0,"21":0,"22":0,"23":0,"24":0,"25":0,"26":0,"27":0,"28":0,"29":0,"30":0,"31":0,"32":0,"33":0,"34":0,"35":0,"36":0,"37":0,"38":0,"39":0,"40":0,"41":0},"f":{"0":0,"1":0,"2":0,"3":0,"4":0,"5":0,"6":0,"7":0},"b":{"0":[0,0],"1":[0,0],"2":[0,0]},"hash":"af02e363d65e1e5598afd130cbc2fd2f9cd7f9b1"}
,"/Users/rafaelfecha/app-list-mini-challenge/src/components/Box/Box.tsx": {"path":"/Users/rafaelfecha/app-list-mini-challenge/src/components/Box/Box.tsx","statementMap":{"0":{"start":{"line":4,"column":30},"end":{"line":39,"column":1}},"1":{"start":{"line":11,"column":2},"end":{"line":38,"column":7}},"2":{"start":{"line":20,"column":45},"end":{"line":20,"column":83}},"3":{"start":{"line":26,"column":14},"end":{"line":32,"column":19}}},"fnMap":{"0":{"name":"(anonymous_0)","decl":{"start":{"line":4,"column":30},"end":{"line":4,"column":31}},"loc":{"start":{"line":11,"column":2},"end":{"line":38,"column":7}},"line":11},"1":{"name":"(anonymous_1)","decl":{"start":{"line":20,"column":28},"end":{"line":20,"column":29}},"loc":{"start":{"line":20,"column":45},"end":{"line":20,"column":83}},"line":20},"2":{"name":"(anonymous_2)","decl":{"start":{"line":25,"column":32},"end":{"line":25,"column":33}},"loc":{"start":{"line":26,"column":14},"end":{"line":32,"column":19}},"line":26}},"branchMap":{"0":{"loc":{"start":{"line":29,"column":19},"end":{"line":29,"column":73}},"type":"cond-expr","locations":[{"start":{"line":29,"column":46},"end":{"line":29,"column":52}},{"start":{"line":29,"column":55},"end":{"line":29,"column":73}}],"line":29}},"s":{"0":1,"1":1,"2":3,"3":1},"f":{"0":1,"1":3,"2":1},"b":{"0":[1,0]},"_coverageSchema":"43e27e138ebf9cfc5966b082cf9a028302ed4184","hash":"2e038cdabff806de444869f10f2ff8ab5ef4c160"}
,"/Users/rafaelfecha/app-list-mini-challenge/src/components/Nav/Nav.tsx": {"path":"/Users/rafaelfecha/app-list-mini-challenge/src/components/Nav/Nav.tsx","statementMap":{"0":{"start":{"line":13,"column":30},"end":{"line":30,"column":1}},"1":{"start":{"line":18,"column":2},"end":{"line":29,"column":8}},"2":{"start":{"line":22,"column":8},"end":{"line":26,"column":13}},"3":{"start":{"line":23,"column":38},"end":{"line":23,"column":63}}},"fnMap":{"0":{"name":"(anonymous_0)","decl":{"start":{"line":13,"column":30},"end":{"line":13,"column":31}},"loc":{"start":{"line":18,"column":2},"end":{"line":29,"column":8}},"line":18},"1":{"name":"(anonymous_1)","decl":{"start":{"line":21,"column":23},"end":{"line":21,"column":24}},"loc":{"start":{"line":22,"column":8},"end":{"line":26,"column":13}},"line":22},"2":{"name":"(anonymous_2)","decl":{"start":{"line":23,"column":32},"end":{"line":23,"column":33}},"loc":{"start":{"line":23,"column":38},"end":{"line":23,"column":63}},"line":23}},"branchMap":{"0":{"loc":{"start":{"line":22,"column":34},"end":{"line":22,"column":77}},"type":"cond-expr","locations":[{"start":{"line":22,"column":64},"end":{"line":22,"column":72}},{"start":{"line":22,"column":75},"end":{"line":22,"column":77}}],"line":22}},"s":{"0":1,"1":2,"2":4,"3":1},"f":{"0":2,"1":4,"2":1},"b":{"0":[1,3]},"_coverageSchema":"43e27e138ebf9cfc5966b082cf9a028302ed4184","hash":"4a01877f3421499c6472d706463dd8356a834d35"}
,"/Users/rafaelfecha/app-list-mini-challenge/src/components/Pagination/Pagination.tsx": {"path":"/Users/rafaelfecha/app-list-mini-challenge/src/components/Pagination/Pagination.tsx","statementMap":{"0":{"start":{"line":9,"column":44},"end":{"line":33,"column":1}},"1":{"start":{"line":14,"column":2},"end":{"line":32,"column":7}},"2":{"start":{"line":16,"column":34},"end":{"line":16,"column":67}},"3":{"start":{"line":21,"column":6},"end":{"line":25,"column":11}},"4":{"start":{"line":22,"column":36},"end":{"line":22,"column":60}},"5":{"start":{"line":28,"column":34},"end":{"line":28,"column":67}}},"fnMap":{"0":{"name":"(anonymous_0)","decl":{"start":{"line":9,"column":44},"end":{"line":9,"column":45}},"loc":{"start":{"line":14,"column":2},"end":{"line":32,"column":7}},"line":14},"1":{"name":"(anonymous_1)","decl":{"start":{"line":16,"column":28},"end":{"line":16,"column":29}},"loc":{"start":{"line":16,"column":34},"end":{"line":16,"column":67}},"line":16},"2":{"name":"(anonymous_2)","decl":{"start":{"line":20,"column":33},"end":{"line":20,"column":34}},"loc":{"start":{"line":21,"column":6},"end":{"line":25,"column":11}},"line":21},"3":{"name":"(anonymous_3)","decl":{"start":{"line":22,"column":30},"end":{"line":22,"column":31}},"loc":{"start":{"line":22,"column":36},"end":{"line":22,"column":60}},"line":22},"4":{"name":"(anonymous_4)","decl":{"start":{"line":28,"column":28},"end":{"line":28,"column":29}},"loc":{"start":{"line":28,"column":34},"end":{"line":28,"column":67}},"line":28}},"branchMap":{"0":{"loc":{"start":{"line":21,"column":32},"end":{"line":21,"column":68}},"type":"cond-expr","locations":[{"start":{"line":21,"column":55},"end":{"line":21,"column":63}},{"start":{"line":21,"column":66},"end":{"line":21,"column":68}}],"line":21}},"s":{"0":1,"1":2,"2":0,"3":6,"4":1,"5":0},"f":{"0":2,"1":0,"2":6,"3":1,"4":0},"b":{"0":[2,4]},"_coverageSchema":"43e27e138ebf9cfc5966b082cf9a028302ed4184","hash":"ccef510cc73ec4283c198477b7e85fc97911b2a0"}
,"/Users/rafaelfecha/app-list-mini-challenge/src/config/config.ts": {"path":"/Users/rafaelfecha/app-list-mini-challenge/src/config/config.ts","statementMap":{"0":{"start":{"line":1,"column":25},"end":{"line":1,"column":26}}},"fnMap":{},"branchMap":{},"s":{"0":2},"f":{},"b":{},"_coverageSchema":"43e27e138ebf9cfc5966b082cf9a028302ed4184","hash":"05691a77bf8194bfbfd60575f9039ba9f4039727"}
,"/Users/rafaelfecha/app-list-mini-challenge/src/interfaces/app.interfaces.ts": {"path":"/Users/rafaelfecha/app-list-mini-challenge/src/interfaces/app.interfaces.ts","statementMap":{},"fnMap":{},"branchMap":{},"s":{},"f":{},"b":{},"hash":"5d85fe6674930d27f0c9e749fefafbec7c13e806"}
,"/Users/rafaelfecha/app-list-mini-challenge/src/utils/utils.ts": {"path":"/Users/rafaelfecha/app-list-mini-challenge/src/utils/utils.ts","statementMap":{"0":{"start":{"line":11,"column":22},"end":{"line":17,"column":1}},"1":{"start":{"line":12,"column":23},"end":{"line":12,"column":40}},"2":{"start":{"line":13,"column":2},"end":{"line":15,"column":5}},"3":{"start":{"line":14,"column":4},"end":{"line":14,"column":56}},"4":{"start":{"line":16,"column":2},"end":{"line":16,"column":41}},"5":{"start":{"line":26,"column":29},"end":{"line":30,"column":1}},"6":{"start":{"line":27,"column":2},"end":{"line":29,"column":5}},"7":{"start":{"line":28,"column":4},"end":{"line":28,"column":42}},"8":{"start":{"line":40,"column":33},"end":{"line":56,"column":1}},"9":{"start":{"line":41,"column":19},"end":{"line":45,"column":3}},"10":{"start":{"line":42,"column":4},"end":{"line":44,"column":10}},"11":{"start":{"line":43,"column":6},"end":{"line":43,"column":34}},"12":{"start":{"line":47,"column":17},"end":{"line":47,"column":51}},"13":{"start":{"line":48,"column":17},"end":{"line":48,"column":51}},"14":{"start":{"line":49,"column":2},"end":{"line":51,"column":3}},"15":{"start":{"line":50,"column":4},"end":{"line":50,"column":14}},"16":{"start":{"line":52,"column":2},"end":{"line":54,"column":3}},"17":{"start":{"line":53,"column":4},"end":{"line":53,"column":13}},"18":{"start":{"line":55,"column":2},"end":{"line":55,"column":11}},"19":{"start":{"line":65,"column":23},"end":{"line":67,"column":1}},"20":{"start":{"line":66,"column":2},"end":{"line":66,"column":54}},"21":{"start":{"line":76,"column":17},"end":{"line":78,"column":1}},"22":{"start":{"line":77,"column":2},"end":{"line":77,"column":72}}},"fnMap":{"0":{"name":"(anonymous_0)","decl":{"start":{"line":11,"column":22},"end":{"line":11,"column":23}},"loc":{"start":{"line":11,"column":54},"end":{"line":17,"column":1}},"line":11},"1":{"name":"(anonymous_1)","decl":{"start":{"line":13,"column":20},"end":{"line":13,"column":21}},"loc":{"start":{"line":13,"column":40},"end":{"line":15,"column":3}},"line":13},"2":{"name":"(anonymous_2)","decl":{"start":{"line":26,"column":29},"end":{"line":26,"column":30}},"loc":{"start":{"line":26,"column":77},"end":{"line":30,"column":1}},"line":26},"3":{"name":"(anonymous_3)","decl":{"start":{"line":27,"column":26},"end":{"line":27,"column":27}},"loc":{"start":{"line":27,"column":46},"end":{"line":29,"column":3}},"line":27},"4":{"name":"(anonymous_4)","decl":{"start":{"line":40,"column":33},"end":{"line":40,"column":34}},"loc":{"start":{"line":40,"column":55},"end":{"line":56,"column":1}},"line":40},"5":{"name":"(anonymous_5)","decl":{"start":{"line":41,"column":19},"end":{"line":41,"column":20}},"loc":{"start":{"line":41,"column":69},"end":{"line":45,"column":3}},"line":41},"6":{"name":"(anonymous_6)","decl":{"start":{"line":42,"column":28},"end":{"line":42,"column":29}},"loc":{"start":{"line":42,"column":43},"end":{"line":44,"column":5}},"line":42},"7":{"name":"(anonymous_7)","decl":{"start":{"line":65,"column":23},"end":{"line":65,"column":24}},"loc":{"start":{"line":65,"column":58},"end":{"line":67,"column":1}},"line":65},"8":{"name":"(anonymous_8)","decl":{"start":{"line":76,"column":17},"end":{"line":76,"column":18}},"loc":{"start":{"line":76,"column":73},"end":{"line":78,"column":1}},"line":76}},"branchMap":{"0":{"loc":{"start":{"line":49,"column":2},"end":{"line":51,"column":3}},"type":"if","locations":[{"start":{"line":49,"column":2},"end":{"line":51,"column":3}},{"start":{"line":49,"column":2},"end":{"line":51,"column":3}}],"line":49},"1":{"loc":{"start":{"line":52,"column":2},"end":{"line":54,"column":3}},"type":"if","locations":[{"start":{"line":52,"column":2},"end":{"line":54,"column":3}},{"start":{"line":52,"column":2},"end":{"line":54,"column":3}}],"line":52}},"s":{"0":1,"1":1,"2":1,"3":4,"4":1,"5":1,"6":1,"7":4,"8":1,"9":6,"10":12,"11":21,"12":6,"13":6,"14":6,"15":4,"16":2,"17":1,"18":1,"19":1,"20":1,"21":1,"22":1},"f":{"0":1,"1":4,"2":1,"3":4,"4":6,"5":12,"6":21,"7":1,"8":1},"b":{"0":[4,2],"1":[1,1]},"_coverageSchema":"43e27e138ebf9cfc5966b082cf9a028302ed4184","hash":"c674b75342e418692b369ae4b50bd113f0faffef"}
}
